
2025-06-24 13:08:28 : system : info : Server stopped.
2025-06-24 13:08:29 : system : info : Server stopped.
2025-06-24 13:08:35 : system : info : Loading secret key from: /mnt/d/INNOVA/DW_TOOL/ahana_dw_tool/backend/modules/license/secret.key
2025-06-24 13:08:35 : system : info : License Manager initialized with system ID: 00155d7d2c64
2025-06-24 13:08:35 : system : info : Loading secret key from: /mnt/d/INNOVA/DW_TOOL/ahana_dw_tool/backend/modules/license/secret.key
2025-06-24 13:08:35 : system : info : License Manager initialized with system ID: 00155d7d2c64
2025-06-24 13:08:37 : system : info : Server starting...
2025-06-24 13:08:42 : system : info : Loading secret key from: /mnt/d/INNOVA/DW_TOOL/ahana_dw_tool/backend/modules/license/secret.key
2025-06-24 13:08:42 : system : info : License Manager initialized with system ID: 00155d7d2c64
2025-06-24 13:08:42 : system : info : Loading secret key from: /mnt/d/INNOVA/DW_TOOL/ahana_dw_tool/backend/modules/license/secret.key
2025-06-24 13:08:42 : system : info : License Manager initialized with system ID: 00155d7d2c64
2025-06-24 13:08:43 : system : info : Server starting...
2025-06-24 13:09:00 : system : info : Oracle connection established successfully
2025-06-24 13:09:01 : system : info : Oracle connection established successfully
2025-06-24 13:09:12 : system : info : Oracle connection established successfully
2025-06-24 13:09:12 : system : info : Oracle connection established successfully
2025-06-24 13:09:12 : system : info : Oracle connection established successfully
2025-06-24 13:09:13 : system : info : Oracle connection established successfully
2025-06-24 13:09:13 : system : info : Oracle connection established successfully
2025-06-24 13:09:13 : system : info : Oracle connection established successfully
2025-06-24 13:11:47 : system : info : Oracle connection established successfully
2025-06-24 13:11:47 : system : info : Oracle connection established successfully
2025-06-24 13:16:27 : system : info : Oracle connection established successfully
2025-06-24 13:16:27 : system : info : Oracle connection established successfully
2025-06-24 13:16:27 : system : info : Oracle connection established successfully
2025-06-24 13:16:28 : system : info : Oracle connection established successfully
2025-06-24 13:16:28 : system : info : Oracle connection established successfully
2025-06-24 13:16:29 : system : info : Oracle connection established successfully
2025-06-24 13:16:34 : system : info : Oracle connection established successfully
2025-06-24 13:16:36 : system : info : Oracle connection established successfully
2025-06-24 13:18:40 : system : info : Reading license from: /mnt/d/INNOVA/DW_TOOL/ahana_dw_tool/backend/modules/license/license.key
2025-06-24 13:18:40 : system : info : Validating license with system ID: 00155d7d2c64
2025-06-24 13:18:40 : system : info : License validation successful
2025-06-24 13:18:40 : system : info : License status checked successfully
2025-06-24 13:18:46 : system : info : Oracle connection established successfully
2025-06-24 13:18:48 : system : info : Oracle connection established successfully
2025-06-24 13:25:48 : system : info : Oracle connection established successfully
2025-06-24 13:25:49 : system : info : Oracle connection established successfully
2025-06-24 13:27:18 : system : info : Oracle connection established successfully
2025-06-24 13:27:19 : system : info : Oracle connection established successfully
2025-06-24 13:27:24 : system : info : Oracle connection established successfully
2025-06-24 13:27:25 : system : info : Oracle connection established successfully
2025-06-24 13:27:34 : system : info : Oracle connection established successfully
2025-06-24 13:27:34 : system : info : Oracle connection established successfully
2025-06-24 13:27:34 : system : info : Oracle connection established successfully
2025-06-24 13:27:34 : system : info : Oracle connection established successfully
2025-06-24 13:27:34 : system : info : Oracle connection established successfully
2025-06-24 13:27:35 : system : info : Oracle connection established successfully
2025-06-24 13:27:42 : rajesh : info : User rajesh authenticated successfully
2025-06-24 13:27:42 : rajesh : info : User rajesh authenticated successfully
2025-06-24 13:27:43 : system : info : Oracle connection established successfully
2025-06-24 13:27:45 : system : info : Oracle connection established successfully
2025-06-24 13:28:04 : system : info : Oracle connection established successfully
2025-06-24 13:28:04 : system : info : Oracle connection established successfully
2025-06-24 13:28:32 : system : info : Oracle connection established successfully
2025-06-24 13:28:32 : system : info : Oracle connection established successfully
2025-06-24 13:28:42 : system : info : Oracle connection established successfully
2025-06-24 13:28:42 : system : info : Oracle connection established successfully
2025-06-24 13:28:42 : system : info : Oracle connection established successfully
2025-06-24 13:28:43 : system : info : Oracle connection established successfully
2025-06-24 13:28:43 : system : info : Oracle connection established successfully
2025-06-24 13:28:43 : system : info : Oracle connection established successfully
2025-06-24 13:28:50 : system : info : Oracle connection established successfully
2025-06-24 13:28:51 : system : info : Oracle connection established successfully
2025-06-24 13:29:07 : system : info : Oracle connection established successfully
2025-06-24 13:29:07 : system : info : Oracle connection established successfully
2025-06-24 13:29:07 : system : info : Oracle connection established successfully
2025-06-24 13:29:08 : system : info : Oracle connection established successfully
2025-06-24 13:29:09 : system : info : Oracle connection established successfully
2025-06-24 13:29:09 : system : info : Oracle connection established successfully
2025-06-24 13:29:14 : system : info : Oracle connection established successfully
2025-06-24 13:29:15 : system : info : Oracle connection established successfully
2025-06-24 13:29:21 : system : info : Oracle connection established successfully
2025-06-24 13:29:23 : system : info : Oracle connection established successfully
2025-06-24 13:29:24 : system : info : Oracle connection established successfully
2025-06-24 13:29:26 : system : info : Oracle connection established successfully
2025-06-24 13:29:36 : system : info : Oracle connection established successfully
2025-06-24 13:29:37 : system : info : Oracle connection established successfully
2025-06-24 13:29:41 : system : info : Oracle connection established successfully
2025-06-24 13:29:41 : system : info : Oracle connection established successfully
2025-06-24 13:29:41 : system : info : Oracle connection established successfully
2025-06-24 13:29:42 : system : info : Oracle connection established successfully
2025-06-24 13:29:42 : system : info : Oracle connection established successfully
2025-06-24 13:29:42 : system : info : Oracle connection established successfully
2025-06-24 13:29:48 : system : info : Oracle connection established successfully
2025-06-24 13:29:49 : system : info : Oracle connection established successfully
2025-06-24 13:29:49 : system : info : Oracle connection established successfully
2025-06-24 13:29:50 : system : info : Oracle connection established successfully
2025-06-24 13:30:12 : system : info : Oracle connection established successfully
2025-06-24 13:30:12 : system : info : Oracle connection established successfully
2025-06-24 13:30:12 : system : info : Oracle connection established successfully
2025-06-24 13:30:13 : system : info : Oracle connection established successfully
2025-06-24 13:30:14 : system : info : Oracle connection established successfully
2025-06-24 13:30:14 : system : info : Oracle connection established successfully
2025-06-24 13:30:19 : system : info : Oracle connection established successfully
2025-06-24 13:30:20 : system : info : Oracle connection established successfully
2025-06-24 13:30:25 : system : info : Oracle connection established successfully
2025-06-24 13:30:25 : system : info : Oracle connection established successfully
2025-06-24 13:30:25 : system : info : Oracle connection established successfully
2025-06-24 13:30:26 : system : info : Oracle connection established successfully
2025-06-24 13:30:26 : system : info : Oracle connection established successfully
2025-06-24 13:30:26 : system : info : Oracle connection established successfully
2025-06-24 13:30:29 : system : info : Oracle connection established successfully
2025-06-24 13:30:30 : system : info : Oracle connection established successfully
2025-06-24 13:34:35 : system : info : Oracle connection established successfully
2025-06-24 13:34:36 : system : info : Oracle connection established successfully
2025-06-24 13:35:11 : system : info : Oracle connection established successfully
2025-06-24 13:35:11 : system : info : Oracle connection established successfully
2025-06-24 13:35:12 : system : info : Oracle connection established successfully
2025-06-24 13:35:12 : system : info : Oracle connection established successfully
2025-06-24 13:35:28 : system : info : Oracle connection established successfully
2025-06-24 13:35:28 : system : info : Oracle connection established successfully
2025-06-24 13:35:28 : system : info : Oracle connection established successfully
2025-06-24 13:35:29 : system : info : Oracle connection established successfully
2025-06-24 13:35:29 : system : info : Oracle connection established successfully
2025-06-24 13:35:29 : system : info : Oracle connection established successfully
2025-06-24 13:35:53 : system : info : Oracle connection established successfully
2025-06-24 13:35:54 : system : info : Oracle connection established successfully
2025-06-24 13:36:00 : system : info : Oracle connection established successfully
2025-06-24 13:36:01 : system : info : Oracle connection established successfully
2025-06-24 13:36:01 : system : info : Oracle connection established successfully
2025-06-24 13:36:01 : system : info : Oracle connection established successfully
2025-06-24 13:36:02 : system : info : Oracle connection established successfully
2025-06-24 13:36:02 : system : info : Oracle connection established successfully
2025-06-24 13:36:15 : system : info : Oracle connection established successfully
2025-06-24 13:36:15 : system : info : Oracle connection established successfully
2025-06-24 13:36:15 : system : info : Oracle connection established successfully
2025-06-24 13:36:16 : system : info : Oracle connection established successfully
2025-06-24 13:36:17 : system : info : Oracle connection established successfully
2025-06-24 13:36:17 : system : info : Oracle connection established successfully
2025-06-24 13:36:24 : system : info : Oracle connection established successfully
2025-06-24 13:36:25 : system : info : Oracle connection established successfully
2025-06-24 13:37:00 : system : info : Oracle connection established successfully
2025-06-24 13:37:02 : system : info : Oracle connection established successfully
2025-06-24 13:37:02 : system : info : Oracle connection established successfully
2025-06-24 13:37:03 : system : info : Oracle connection established successfully
2025-06-24 13:37:45 : system : info : Oracle connection established successfully
2025-06-24 13:37:46 : system : info : Oracle connection established successfully
2025-06-24 13:37:54 : system : info : Oracle connection established successfully
2025-06-24 13:37:54 : system : info : Oracle connection established successfully
2025-06-24 13:37:54 : system : info : Oracle connection established successfully
2025-06-24 13:37:55 : system : info : Oracle connection established successfully
2025-06-24 13:37:55 : system : info : Oracle connection established successfully
2025-06-24 13:37:55 : system : info : Oracle connection established successfully
2025-06-24 13:38:04 : system : info : Oracle connection established successfully
2025-06-24 13:38:04 : system : info : Oracle connection established successfully
2025-06-24 13:38:04 : system : info : Oracle connection established successfully
2025-06-24 13:38:04 : system : info : Oracle connection established successfully
2025-06-24 13:38:05 : system : info : Oracle connection established successfully
2025-06-24 13:38:05 : system : info : Oracle connection established successfully
2025-06-24 13:38:11 : system : info : Oracle connection established successfully
2025-06-24 13:38:12 : system : info : Oracle connection established successfully
2025-06-24 13:38:21 : system : info : Oracle connection established successfully
2025-06-24 13:38:23 : system : info : Oracle connection established successfully
2025-06-24 13:38:49 : rajesh : info : User rajesh authenticated successfully
2025-06-24 13:38:49 : rajesh : info : User rajesh authenticated successfully
2025-06-24 13:38:50 : system : info : Oracle connection established successfully
2025-06-24 13:38:51 : system : info : Oracle connection established successfully
2025-06-24 13:41:21 : system : info : Oracle connection established successfully
2025-06-24 13:41:21 : system : info : Oracle connection established successfully
2025-06-24 13:41:21 : system : info : Oracle connection established successfully
2025-06-24 13:41:21 : system : info : Oracle connection established successfully
2025-06-24 13:41:22 : system : info : Oracle connection established successfully
2025-06-24 13:41:22 : system : info : Oracle connection established successfully
2025-06-24 13:41:25 : system : info : Oracle connection established successfully
2025-06-24 13:41:26 : system : info : Oracle connection established successfully
2025-06-24 13:41:41 : system : info : Oracle connection established successfully
2025-06-24 13:41:42 : system : info : Oracle connection established successfully
2025-06-24 13:42:38 : system : info : Oracle connection established successfully
2025-06-24 13:42:39 : system : info : Oracle connection established successfully
2025-06-24 13:43:04 : system : info : Oracle connection established successfully
2025-06-24 13:43:04 : system : info : Oracle connection established successfully
2025-06-24 13:43:04 : system : info : Oracle connection established successfully
2025-06-24 13:43:05 : system : info : Oracle connection established successfully
2025-06-24 13:43:06 : system : info : Oracle connection established successfully
2025-06-24 13:43:06 : system : info : Oracle connection established successfully
2025-06-24 13:43:12 : system : info : Oracle connection established successfully
2025-06-24 13:43:12 : system : info : Oracle connection established successfully
2025-06-24 13:43:12 : system : info : Oracle connection established successfully
2025-06-24 13:43:13 : system : info : Oracle connection established successfully
2025-06-24 13:43:13 : system : info : Oracle connection established successfully
2025-06-24 13:43:13 : system : info : Oracle connection established successfully
2025-06-24 13:43:16 : system : info : Oracle connection established successfully
2025-06-24 13:43:17 : system : info : Oracle connection established successfully
2025-06-24 13:43:34 : system : info : Oracle connection established successfully
2025-06-24 13:43:36 : system : info : Oracle connection established successfully
2025-06-24 13:43:38 : system : info : Oracle connection established successfully
2025-06-24 13:43:39 : system : info : Oracle connection established successfully
2025-06-24 13:44:23 : system : info : Oracle connection established successfully
2025-06-24 13:44:24 : system : info : Oracle connection established successfully
2025-06-24 13:45:56 : rajesh : info : User rajesh authenticated successfully
2025-06-24 13:45:56 : rajesh : info : User rajesh authenticated successfully
2025-06-24 13:45:57 : system : info : Oracle connection established successfully
2025-06-24 13:45:58 : system : info : Oracle connection established successfully
2025-06-24 13:46:10 : system : info : Oracle connection established successfully
2025-06-24 13:46:10 : system : info : Oracle connection established successfully
2025-06-24 13:46:10 : system : info : Oracle connection established successfully
2025-06-24 13:46:11 : system : info : Oracle connection established successfully
2025-06-24 13:46:12 : system : info : Oracle connection established successfully
2025-06-24 13:46:12 : system : info : Oracle connection established successfully
2025-06-24 13:46:23 : system : info : Oracle connection established successfully
2025-06-24 13:46:23 : system : info : Oracle connection established successfully
2025-06-24 13:46:23 : system : info : Oracle connection established successfully
2025-06-24 13:46:24 : system : info : Oracle connection established successfully
2025-06-24 13:46:25 : system : info : Oracle connection established successfully
2025-06-24 13:46:25 : system : info : Oracle connection established successfully
2025-06-24 13:46:29 : system : info : Oracle connection established successfully
2025-06-24 13:46:30 : system : info : Oracle connection established successfully
2025-06-24 13:47:24 : system : error : Unhandled exception: 404 Not Found: The requested URL was not found on the server. If you entered the URL manually please check your spelling and try again.
2025-06-24 13:47:45 : system : info : Oracle connection established successfully
2025-06-24 13:47:46 : system : info : Oracle connection established successfully
2025-06-24 13:47:48 : read_user : info : User read_user authenticated successfully
2025-06-24 13:47:48 : read_user : info : User read_user authenticated successfully
2025-06-24 13:47:49 : system : info : Oracle connection established successfully
2025-06-24 13:47:50 : system : info : Oracle connection established successfully
2025-06-24 13:47:51 : rajesh : info : User rajesh authenticated successfully
2025-06-24 13:47:51 : rajesh : info : User rajesh authenticated successfully
2025-06-24 13:47:52 : system : info : Oracle connection established successfully
2025-06-24 13:47:55 : system : info : Oracle connection established successfully
2025-06-24 13:47:56 : system : info : Oracle connection established successfully
2025-06-24 13:47:56 : system : info : Oracle connection established successfully
2025-06-24 13:47:56 : system : info : Oracle connection established successfully
2025-06-24 13:47:57 : system : info : Oracle connection established successfully
2025-06-24 13:47:58 : system : info : Oracle connection established successfully
2025-06-24 13:47:58 : system : info : Oracle connection established successfully
2025-06-24 13:48:17 : system : info : Oracle connection established successfully
2025-06-24 13:48:17 : system : info : Oracle connection established successfully
2025-06-24 13:48:17 : system : info : Oracle connection established successfully
2025-06-24 13:48:18 : system : info : Oracle connection established successfully
2025-06-24 13:48:18 : system : info : Oracle connection established successfully
2025-06-24 13:48:19 : system : info : Oracle connection established successfully
2025-06-24 13:48:22 : system : info : Oracle connection established successfully
2025-06-24 13:48:23 : system : info : Oracle connection established successfully
2025-06-24 13:48:31 : system : info : Oracle connection established successfully
2025-06-24 13:48:32 : system : info : Oracle connection established successfully
2025-06-24 13:48:39 : system : info : Oracle connection established successfully
2025-06-24 13:48:39 : system : info : Oracle connection established successfully
2025-06-24 13:48:39 : system : info : Oracle connection established successfully
2025-06-24 13:48:40 : system : info : Oracle connection established successfully
2025-06-24 13:48:41 : system : info : Oracle connection established successfully
2025-06-24 13:48:41 : system : info : Oracle connection established successfully
2025-06-24 13:48:55 : system : info : Oracle connection established successfully
2025-06-24 13:48:55 : system : info : Oracle connection established successfully
2025-06-24 13:48:55 : system : info : Oracle connection established successfully
2025-06-24 13:48:56 : system : info : Oracle connection established successfully
2025-06-24 13:48:56 : system : info : Oracle connection established successfully
2025-06-24 13:48:56 : system : info : Oracle connection established successfully
2025-06-24 13:49:05 : system : info : Oracle connection established successfully
2025-06-24 13:49:06 : system : info : Oracle connection established successfully
2025-06-24 13:49:53 : system : info : Oracle connection established successfully
2025-06-24 13:49:54 : system : info : Oracle connection established successfully
2025-06-24 13:50:00 : system : info : Oracle connection established successfully
2025-06-24 13:50:00 : system : info : Oracle connection established successfully
2025-06-24 13:50:00 : system : info : Oracle connection established successfully
2025-06-24 13:50:01 : system : info : Oracle connection established successfully
2025-06-24 13:50:01 : system : info : Oracle connection established successfully
2025-06-24 13:50:01 : system : info : Oracle connection established successfully
2025-06-24 13:50:07 : system : info : Oracle connection established successfully
2025-06-24 13:50:07 : system : info : Oracle connection established successfully
2025-06-24 13:50:07 : system : info : Oracle connection established successfully
2025-06-24 13:50:09 : system : info : Oracle connection established successfully
2025-06-24 13:50:09 : system : info : Oracle connection established successfully
2025-06-24 13:50:09 : system : info : Oracle connection established successfully
2025-06-24 13:50:12 : system : info : Oracle connection established successfully
2025-06-24 13:50:13 : system : info : Oracle connection established successfully
2025-06-24 13:50:53 : system : info : Oracle connection established successfully
2025-06-24 13:50:54 : system : info : Oracle connection established successfully
2025-06-24 13:51:01 : system : info : Oracle connection established successfully
2025-06-24 13:51:01 : system : info : Oracle connection established successfully
2025-06-24 13:51:01 : system : info : Oracle connection established successfully
2025-06-24 13:51:01 : system : info : Oracle connection established successfully
2025-06-24 13:51:02 : system : info : Oracle connection established successfully
2025-06-24 13:51:02 : system : info : Oracle connection established successfully
2025-06-24 13:57:09 : system : info : Oracle connection established successfully
2025-06-24 13:57:09 : system : info : Oracle connection established successfully
2025-06-24 13:57:24 : system : info : Oracle connection established successfully
2025-06-24 13:57:24 : system : info : Oracle connection established successfully
2025-06-24 13:57:24 : system : info : Oracle connection established successfully
2025-06-24 13:57:25 : system : info : Oracle connection established successfully
2025-06-24 13:57:25 : system : info : Oracle connection established successfully
2025-06-24 13:57:25 : system : info : Oracle connection established successfully
2025-06-24 13:57:49 : system : info : Oracle connection established successfully
2025-06-24 13:57:49 : system : info : Oracle connection established successfully
2025-06-24 13:58:44 : system : info : Oracle connection established successfully
2025-06-24 13:58:45 : system : info : Oracle connection established successfully
2025-06-24 13:58:45 : system : info : Oracle connection established successfully
2025-06-24 13:58:45 : system : info : Oracle connection established successfully
2025-06-24 13:58:45 : system : info : Oracle connection established successfully
2025-06-24 13:58:46 : system : info : Oracle connection established successfully
2025-06-24 13:58:47 : system : info : Oracle connection established successfully
2025-06-24 13:58:49 : system : info : Oracle connection established successfully
2025-06-24 13:58:50 : system : info : Oracle connection established successfully
2025-06-24 13:58:53 : system : info : Oracle connection established successfully
2025-06-24 14:00:00 : system : info : Oracle connection established successfully
2025-06-24 14:00:00 : system : info : Oracle connection established successfully
2025-06-24 14:00:00 : system : info : Oracle connection established successfully
2025-06-24 14:00:01 : system : info : Oracle connection established successfully
2025-06-24 14:00:01 : system : info : Oracle connection established successfully
2025-06-24 14:00:01 : system : info : Oracle connection established successfully
2025-06-24 14:00:22 : system : info : Oracle connection established successfully
2025-06-24 14:00:23 : system : info : Oracle connection established successfully
2025-06-24 14:00:26 : system : info : Oracle connection established successfully
2025-06-24 14:00:26 : system : info : Oracle connection established successfully
2025-06-24 14:00:26 : system : info : Oracle connection established successfully
2025-06-24 14:00:27 : system : info : Oracle connection established successfully
2025-06-24 14:00:27 : system : info : Oracle connection established successfully
2025-06-24 14:00:27 : system : info : Oracle connection established successfully
2025-06-24 14:00:29 : system : info : Oracle connection established successfully
2025-06-24 14:00:30 : system : info : Oracle connection established successfully
2025-06-24 14:00:37 : system : info : Oracle connection established successfully
2025-06-24 14:00:37 : system : info : Oracle connection established successfully
2025-06-24 14:00:37 : system : info : Oracle connection established successfully
2025-06-24 14:00:38 : system : info : Oracle connection established successfully
2025-06-24 14:00:38 : system : info : Oracle connection established successfully
2025-06-24 14:00:38 : system : info : Oracle connection established successfully
2025-06-24 14:01:34 : system : info : Oracle connection established successfully
2025-06-24 14:01:34 : system : info : Oracle connection established successfully
2025-06-24 14:01:35 : system : info : Oracle connection established successfully
2025-06-24 14:01:37 : system : info : Oracle connection established successfully
2025-06-24 14:01:39 : system : info : Oracle connection established successfully
2025-06-24 14:01:39 : system : info : Oracle connection established successfully
2025-06-24 14:01:44 : system : info : Oracle connection established successfully
2025-06-24 14:01:44 : system : info : Oracle connection established successfully
2025-06-24 14:03:16 : system : info : Oracle connection established successfully
2025-06-24 14:03:17 : system : info : Oracle connection established successfully
2025-06-24 14:03:19 : system : info : Oracle connection established successfully
2025-06-24 14:03:19 : system : info : Oracle connection established successfully
2025-06-24 14:03:20 : system : info : Oracle connection established successfully
2025-06-24 14:03:21 : system : info : Oracle connection established successfully
2025-06-24 14:03:54 : system : info : Oracle connection established successfully
2025-06-24 14:03:56 : system : info : Oracle connection established successfully
2025-06-24 14:03:59 : system : info : Oracle connection established successfully
2025-06-24 14:04:00 : system : info : Oracle connection established successfully
2025-06-24 14:04:09 : system : info : Oracle connection established successfully
2025-06-24 14:04:09 : system : info : Oracle connection established successfully
2025-06-24 14:04:09 : system : info : Oracle connection established successfully
2025-06-24 14:04:10 : system : info : Oracle connection established successfully
2025-06-24 14:04:11 : system : info : Oracle connection established successfully
2025-06-24 14:04:12 : system : info : Oracle connection established successfully
2025-06-24 14:08:06 : rajesh : info : User rajesh authenticated successfully
2025-06-24 14:08:06 : rajesh : info : User rajesh authenticated successfully
2025-06-24 14:08:07 : system : info : Oracle connection established successfully
2025-06-24 14:08:08 : system : info : Oracle connection established successfully
2025-06-24 14:09:25 : system : info : Oracle connection established successfully
2025-06-24 14:09:25 : system : info : Oracle connection established successfully
2025-06-24 14:09:26 : system : info : Oracle connection established successfully
2025-06-24 14:09:26 : system : info : Oracle connection established successfully
2025-06-24 14:09:27 : system : info : Oracle connection established successfully
2025-06-24 14:09:27 : system : info : Oracle connection established successfully
2025-06-24 14:09:45 : system : info : Oracle connection established successfully
2025-06-24 14:09:45 : system : info : Oracle connection established successfully
2025-06-24 14:09:59 : system : info : Oracle connection established successfully
2025-06-24 14:09:59 : system : info : Oracle connection established successfully
2025-06-24 14:09:59 : system : info : Oracle connection established successfully
2025-06-24 14:10:00 : system : info : Oracle connection established successfully
2025-06-24 14:10:35 : system : info : Oracle connection established successfully
2025-06-24 14:10:36 : system : info : Oracle connection established successfully
2025-06-24 14:10:40 : system : info : Oracle connection established successfully
2025-06-24 14:10:40 : system : info : Oracle connection established successfully
2025-06-24 14:10:40 : system : info : Oracle connection established successfully
2025-06-24 14:10:41 : system : info : Oracle connection established successfully
2025-06-24 14:10:41 : system : info : Oracle connection established successfully
2025-06-24 14:10:42 : system : info : Oracle connection established successfully
2025-06-24 14:10:44 : system : info : Oracle connection established successfully
2025-06-24 14:10:45 : system : info : Oracle connection established successfully
2025-06-24 14:10:56 : rajesh : info : User rajesh authenticated successfully
2025-06-24 14:10:56 : rajesh : info : User rajesh authenticated successfully
2025-06-24 14:10:57 : system : info : Oracle connection established successfully
2025-06-24 14:10:59 : system : info : Oracle connection established successfully
2025-06-24 14:11:45 : system : info : Oracle connection established successfully
2025-06-24 14:11:45 : system : info : Oracle connection established successfully
2025-06-24 14:11:45 : system : info : Oracle connection established successfully
2025-06-24 14:11:45 : system : info : Oracle connection established successfully
2025-06-24 14:11:46 : system : info : Oracle connection established successfully
2025-06-24 14:11:46 : system : info : Oracle connection established successfully
2025-06-24 14:11:48 : system : info : Oracle connection established successfully
2025-06-24 14:11:48 : system : info : Oracle connection established successfully
2025-06-24 14:12:28 : system : info : Oracle connection established successfully
2025-06-24 14:12:28 : system : info : Oracle connection established successfully
2025-06-24 14:12:29 : system : info : Oracle connection established successfully
2025-06-24 14:12:29 : system : info : Oracle connection established successfully
2025-06-24 14:28:03 : rajesh : info : User rajesh authenticated successfully
2025-06-24 14:28:03 : rajesh : info : User rajesh authenticated successfully
2025-06-24 14:28:04 : system : info : Oracle connection established successfully
2025-06-24 14:28:05 : system : info : Oracle connection established successfully
2025-06-24 14:30:36 : rajesh : info : User rajesh authenticated successfully
2025-06-24 14:30:36 : rajesh : info : User rajesh authenticated successfully
2025-06-24 14:30:37 : system : info : Oracle connection established successfully
2025-06-24 14:30:38 : system : info : Oracle connection established successfully
2025-06-24 14:32:55 : rajesh : info : User rajesh authenticated successfully
2025-06-24 14:32:55 : rajesh : info : User rajesh authenticated successfully
2025-06-24 14:32:56 : system : info : Oracle connection established successfully
2025-06-24 14:32:57 : system : info : Oracle connection established successfully
2025-06-24 14:34:07 : rajesh : info : User rajesh authenticated successfully
2025-06-24 14:34:08 : rajesh : info : User rajesh authenticated successfully
2025-06-24 14:34:08 : system : info : Oracle connection established successfully
2025-06-24 14:34:10 : system : info : Oracle connection established successfully
2025-06-24 14:37:19 : rajesh : info : User rajesh authenticated successfully
2025-06-24 14:37:19 : rajesh : info : User rajesh authenticated successfully
2025-06-24 14:37:25 : system : info : Oracle connection established successfully
2025-06-24 14:37:27 : system : info : Oracle connection established successfully
2025-06-24 14:37:28 : rajesh : info : User rajesh authenticated successfully
2025-06-24 14:37:28 : rajesh : info : User rajesh authenticated successfully
2025-06-24 14:37:29 : system : info : Oracle connection established successfully
2025-06-24 14:37:30 : system : info : Oracle connection established successfully
2025-06-24 14:37:37 : system : info : Oracle connection established successfully
2025-06-24 14:37:37 : system : info : Oracle connection established successfully
2025-06-24 14:37:37 : system : info : Oracle connection established successfully
2025-06-24 14:37:38 : system : info : Oracle connection established successfully
2025-06-24 14:37:38 : system : info : Oracle connection established successfully
2025-06-24 14:37:38 : system : info : Oracle connection established successfully
2025-06-24 14:38:38 : rajesh : info : User rajesh authenticated successfully
2025-06-24 14:38:38 : rajesh : info : User rajesh authenticated successfully
2025-06-24 14:38:39 : system : info : Oracle connection established successfully
2025-06-24 14:38:42 : system : info : Oracle connection established successfully
2025-06-24 14:38:49 : system : info : Oracle connection established successfully
2025-06-24 14:38:49 : system : info : Oracle connection established successfully
2025-06-24 14:38:49 : system : info : Oracle connection established successfully
2025-06-24 14:38:50 : system : info : Oracle connection established successfully
2025-06-24 14:38:50 : system : info : Oracle connection established successfully
2025-06-24 14:38:50 : system : info : Oracle connection established successfully
2025-06-24 14:39:04 : system : info : Oracle connection established successfully
2025-06-24 14:39:05 : system : info : Oracle connection established successfully
2025-06-24 16:20:14 : system : info : Reading license from: /mnt/d/INNOVA/DW_TOOL/ahana_dw_tool/backend/modules/license/license.key
2025-06-24 16:20:14 : system : info : Validating license with system ID: 00155d7d2c64
2025-06-24 16:20:14 : system : info : License validation successful
2025-06-24 16:20:14 : system : info : License status checked successfully
2025-06-24 16:20:20 : system : info : Oracle connection established successfully
2025-06-24 16:20:20 : system : info : Oracle connection established successfully
2025-06-24 16:20:26 : system : info : Oracle connection established successfully
2025-06-24 16:20:26 : system : info : Oracle connection established successfully
2025-06-24 16:20:26 : system : info : Oracle connection established successfully
2025-06-24 16:20:27 : system : info : Oracle connection established successfully
2025-06-24 16:20:27 : system : info : Oracle connection established successfully
2025-06-24 16:20:28 : system : info : Oracle connection established successfully
2025-06-24 16:21:21 : system : info : Oracle connection established successfully
2025-06-24 16:21:22 : system : info : Oracle connection established successfully
2025-06-24 16:22:13 : system : info : Oracle connection established successfully
2025-06-24 16:22:13 : system : info : Oracle connection established successfully
2025-06-24 16:22:13 : system : info : Oracle connection established successfully
2025-06-24 16:22:14 : system : info : Oracle connection established successfully
2025-06-24 16:22:14 : system : info : Oracle connection established successfully
2025-06-24 16:22:14 : system : info : Oracle connection established successfully
2025-06-24 16:22:17 : system : info : Oracle connection established successfully
2025-06-24 16:22:20 : system : info : Oracle connection established successfully
2025-06-24 16:22:34 : system : info : Oracle connection established successfully
2025-06-24 16:23:00 : system : info : Oracle connection established successfully
2025-06-24 16:23:12 : system : info : Oracle connection established successfully
2025-06-24 16:24:13 : system : info : Oracle connection established successfully
2025-06-24 16:24:14 : system : info : Oracle connection established successfully
2025-06-24 16:24:18 : system : info : Oracle connection established successfully
2025-06-24 16:24:18 : system : info : Oracle connection established successfully
2025-06-24 16:24:18 : system : info : Oracle connection established successfully
2025-06-24 16:24:19 : system : info : Oracle connection established successfully
2025-06-24 16:24:19 : system : info : Oracle connection established successfully
2025-06-24 16:24:19 : system : info : Oracle connection established successfully
2025-06-24 16:24:24 : system : info : Oracle connection established successfully
2025-06-24 16:25:20 : system : info : Oracle connection established successfully
2025-06-24 16:25:21 : system : info : Oracle connection established successfully
2025-06-24 16:27:47 : system : info : Oracle connection established successfully
2025-06-24 16:27:47 : system : info : Oracle connection established successfully
2025-06-24 16:27:47 : system : info : Oracle connection established successfully
2025-06-24 16:27:48 : system : info : Oracle connection established successfully
2025-06-24 16:27:48 : system : info : Oracle connection established successfully
2025-06-24 16:27:48 : system : info : Oracle connection established successfully
2025-06-24 16:27:51 : system : info : Oracle connection established successfully
2025-06-24 16:27:54 : system : info : Oracle connection established successfully
2025-06-24 16:28:02 : system : info : Oracle connection established successfully
2025-06-24 16:28:03 : system : info : Oracle connection established successfully
2025-06-24 16:28:09 : system : info : Oracle connection established successfully
2025-06-24 16:28:09 : system : info : Oracle connection established successfully
2025-06-24 16:28:09 : system : info : Oracle connection established successfully
2025-06-24 16:28:09 : system : info : Oracle connection established successfully
2025-06-24 16:28:09 : system : info : Oracle connection established successfully
2025-06-24 16:28:09 : system : info : Oracle connection established successfully
2025-06-24 16:28:11 : system : info : Oracle connection established successfully
2025-06-24 16:28:14 : system : info : Oracle connection established successfully
2025-06-24 16:30:35 : system : info : Oracle connection established successfully
2025-06-24 16:30:35 : system : info : Oracle connection established successfully
2025-06-24 16:30:39 : system : info : Oracle connection established successfully
2025-06-24 16:30:40 : system : info : Oracle connection established successfully
2025-06-24 16:30:40 : system : info : Oracle connection established successfully
2025-06-24 16:30:40 : system : info : Oracle connection established successfully
2025-06-24 16:30:40 : system : info : Oracle connection established successfully
2025-06-24 16:30:40 : system : info : Oracle connection established successfully
2025-06-24 16:30:43 : system : info : Oracle connection established successfully
2025-06-24 16:30:46 : system : info : Oracle connection established successfully
2025-06-24 16:34:07 : system : info : Oracle connection established successfully
2025-06-24 16:34:07 : system : info : Oracle connection established successfully
2025-06-24 16:34:12 : system : info : Oracle connection established successfully
2025-06-24 16:34:12 : system : info : Oracle connection established successfully
2025-06-24 16:34:12 : system : info : Oracle connection established successfully
2025-06-24 16:34:13 : system : info : Oracle connection established successfully
2025-06-24 16:34:13 : system : info : Oracle connection established successfully
2025-06-24 16:34:13 : system : info : Oracle connection established successfully
2025-06-24 16:34:15 : system : info : Oracle connection established successfully
2025-06-24 16:34:17 : system : info : Oracle connection established successfully
2025-06-24 16:35:24 : system : info : Oracle connection established successfully
2025-06-24 16:35:25 : system : info : Oracle connection established successfully
2025-06-24 16:35:26 : system : info : Oracle connection established successfully
2025-06-24 16:35:26 : system : info : Oracle connection established successfully
2025-06-24 16:35:27 : system : info : Oracle connection established successfully
2025-06-24 16:35:27 : system : info : Oracle connection established successfully
2025-06-24 16:35:35 : system : info : Oracle connection established successfully
2025-06-24 16:35:36 : system : info : Oracle connection established successfully
2025-06-24 16:35:39 : system : info : Oracle connection established successfully
2025-06-24 16:35:42 : system : info : Oracle connection established successfully
2025-06-24 16:36:33 : system : info : Oracle connection established successfully
2025-06-24 16:36:34 : system : info : Oracle connection established successfully
2025-06-24 16:36:36 : system : info : Oracle connection established successfully
2025-06-24 16:36:36 : system : info : Oracle connection established successfully
2025-06-24 16:36:36 : system : info : Oracle connection established successfully
2025-06-24 16:36:37 : system : info : Oracle connection established successfully
2025-06-24 16:36:37 : system : info : Oracle connection established successfully
2025-06-24 16:36:37 : system : info : Oracle connection established successfully
2025-06-24 16:36:40 : system : info : Oracle connection established successfully
2025-06-24 16:36:43 : system : info : Oracle connection established successfully
2025-06-24 16:36:49 : system : info : Oracle connection established successfully
2025-06-24 16:37:39 : system : info : Oracle connection established successfully
2025-06-24 16:37:50 : system : info : Oracle connection established successfully
2025-06-24 16:37:51 : system : info : Oracle connection established successfully
2025-06-24 16:38:06 : system : info : Oracle connection established successfully
2025-06-24 16:38:06 : system : info : Oracle connection established successfully
2025-06-24 16:38:06 : system : info : Oracle connection established successfully
2025-06-24 16:38:07 : system : info : Oracle connection established successfully
2025-06-24 16:38:07 : system : info : Oracle connection established successfully
2025-06-24 16:38:07 : system : info : Oracle connection established successfully
2025-06-24 16:38:08 : system : info : Oracle connection established successfully
2025-06-24 16:38:10 : system : info : Oracle connection established successfully
2025-06-24 16:40:15 : system : info : Oracle connection established successfully
2025-06-24 16:40:15 : system : info : Oracle connection established successfully
2025-06-24 16:42:19 : system : info : Oracle connection established successfully
2025-06-24 16:42:19 : system : info : Oracle connection established successfully
2025-06-24 16:42:19 : system : info : Oracle connection established successfully
2025-06-24 16:42:19 : system : info : Oracle connection established successfully
2025-06-24 16:42:20 : system : info : Oracle connection established successfully
2025-06-24 16:42:20 : system : info : Oracle connection established successfully
2025-06-24 16:42:21 : system : info : Oracle connection established successfully
2025-06-24 16:42:24 : system : info : Oracle connection established successfully
2025-06-24 16:46:18 : rajesh : info : User rajesh authenticated successfully
2025-06-24 16:46:19 : rajesh : info : User rajesh authenticated successfully
2025-06-24 16:46:19 : system : info : Oracle connection established successfully
2025-06-24 16:46:20 : system : info : Oracle connection established successfully
2025-06-24 16:46:28 : system : info : Oracle connection established successfully
2025-06-24 16:46:28 : system : info : Oracle connection established successfully
2025-06-24 16:46:28 : system : info : Oracle connection established successfully
2025-06-24 16:46:28 : system : info : Oracle connection established successfully
2025-06-24 16:46:29 : system : info : Oracle connection established successfully
2025-06-24 16:46:29 : system : info : Oracle connection established successfully
2025-06-24 16:46:31 : system : info : Oracle connection established successfully
2025-06-24 16:46:36 : system : info : Oracle connection established successfully
2025-06-24 16:50:03 : system : info : Oracle connection established successfully
2025-06-24 16:50:04 : system : info : Oracle connection established successfully
2025-06-24 16:50:07 : system : info : Oracle connection established successfully
2025-06-24 16:50:14 : system : info : Oracle connection established successfully
2025-06-24 16:53:26 : system : info : Oracle connection established successfully
2025-06-24 16:53:27 : system : info : Oracle connection established successfully
2025-06-24 16:53:35 : system : info : Oracle connection established successfully
2025-06-24 16:53:35 : system : info : Oracle connection established successfully
2025-06-24 16:53:35 : system : info : Oracle connection established successfully
2025-06-24 16:53:36 : system : info : Oracle connection established successfully
2025-06-24 16:53:36 : system : info : Oracle connection established successfully
2025-06-24 16:53:36 : system : info : Oracle connection established successfully
2025-06-24 16:53:38 : system : info : Oracle connection established successfully
2025-06-24 16:53:41 : system : info : Oracle connection established successfully
2025-06-24 16:54:40 : system : info : Oracle connection established successfully
2025-06-24 16:54:41 : system : info : Oracle connection established successfully
2025-06-24 16:54:50 : system : info : Oracle connection established successfully
2025-06-24 16:54:50 : system : info : Oracle connection established successfully
2025-06-24 16:54:50 : system : info : Oracle connection established successfully
2025-06-24 16:54:51 : system : info : Oracle connection established successfully
2025-06-24 16:54:51 : system : info : Oracle connection established successfully
2025-06-24 16:54:51 : system : info : Oracle connection established successfully
2025-06-24 16:55:45 : system : info : Oracle connection established successfully
2025-06-24 16:55:46 : system : info : Oracle connection established successfully
2025-06-24 16:55:54 : system : info : Oracle connection established successfully
2025-06-24 16:56:00 : system : info : Oracle connection established successfully
2025-06-24 16:56:00 : system : info : Oracle connection established successfully
2025-06-24 16:56:17 : system : info : Oracle connection established successfully
2025-06-24 16:56:17 : system : info : Oracle connection established successfully
2025-06-24 16:56:17 : system : info : Oracle connection established successfully
2025-06-24 16:56:18 : system : info : Oracle connection established successfully
2025-06-24 16:56:18 : system : info : Oracle connection established successfully
2025-06-24 16:56:18 : system : info : Oracle connection established successfully
2025-06-24 16:56:56 : system : info : Oracle connection established successfully
2025-06-24 16:56:57 : system : info : Oracle connection established successfully
2025-06-24 16:57:21 : system : info : Oracle connection established successfully
2025-06-24 16:57:21 : system : info : Oracle connection established successfully
2025-06-24 16:57:21 : system : info : Oracle connection established successfully
2025-06-24 16:57:22 : system : info : Oracle connection established successfully
2025-06-24 16:57:22 : system : info : Oracle connection established successfully
2025-06-24 16:57:22 : system : info : Oracle connection established successfully
2025-06-24 16:58:17 : system : info : Oracle connection established successfully
2025-06-24 16:58:17 : system : info : Oracle connection established successfully
2025-06-24 17:02:18 : rajesh : info : User rajesh authenticated successfully
2025-06-24 17:02:18 : rajesh : info : User rajesh authenticated successfully
2025-06-24 17:02:18 : system : info : Oracle connection established successfully
2025-06-24 17:02:19 : system : info : Oracle connection established successfully
2025-06-24 17:05:38 : system : info : Oracle connection established successfully
2025-06-24 17:05:39 : system : info : Oracle connection established successfully
2025-06-24 17:06:05 : system : info : Oracle connection established successfully
2025-06-24 17:06:06 : system : info : Oracle connection established successfully
2025-06-24 17:06:19 : system : info : Oracle connection established successfully
2025-06-24 17:06:20 : system : info : Oracle connection established successfully
2025-06-24 17:06:32 : rajesh : info : User rajesh authenticated successfully
2025-06-24 17:06:32 : rajesh : info : User rajesh authenticated successfully
2025-06-24 17:06:33 : rajesh : info : User rajesh authenticated successfully
2025-06-24 17:06:33 : rajesh : info : User rajesh authenticated successfully
2025-06-24 17:06:33 : rajesh : info : User rajesh authenticated successfully
2025-06-24 17:06:33 : rajesh : info : User rajesh authenticated successfully
2025-06-24 17:06:39 : system : info : Oracle connection established successfully
2025-06-24 17:06:39 : system : info : Oracle connection established successfully
2025-06-24 17:06:48 : rajesh : info : User rajesh authenticated successfully
2025-06-24 17:06:49 : rajesh : info : User rajesh authenticated successfully
2025-06-24 17:06:49 : rajesh : info : User rajesh authenticated successfully
2025-06-24 17:06:49 : rajesh : info : User rajesh authenticated successfully
2025-06-24 17:06:49 : rajesh : info : User rajesh authenticated successfully
2025-06-24 17:06:49 : rajesh : info : User rajesh authenticated successfully
2025-06-24 17:06:51 : system : info : Oracle connection established successfully
2025-06-24 17:06:52 : system : info : Oracle connection established successfully
2025-06-24 17:06:57 : system : info : Oracle connection established successfully
2025-06-24 17:06:57 : system : info : Oracle connection established successfully
2025-06-24 17:07:00 : system : info : Oracle connection established successfully
2025-06-24 17:07:02 : system : info : Oracle connection established successfully
2025-06-24 17:07:08 : system : info : Oracle connection established successfully
2025-06-24 17:07:09 : system : info : Oracle connection established successfully
2025-06-24 17:07:15 : system : info : Oracle connection established successfully
2025-06-24 17:07:15 : system : info : Oracle connection established successfully
2025-06-24 17:07:25 : system : info : Oracle connection established successfully
2025-06-24 17:07:27 : system : info : Oracle connection established successfully
2025-06-24 17:07:49 : system : info : Oracle connection established successfully
2025-06-24 17:07:49 : system : info : Oracle connection established successfully
2025-06-24 17:08:14 : system : info : Oracle connection established successfully
2025-06-24 17:08:14 : system : info : Oracle connection established successfully
2025-06-24 17:08:27 : system : info : Oracle connection established successfully
2025-06-24 17:08:28 : system : info : Oracle connection established successfully
2025-06-24 17:08:54 : system : info : Oracle connection established successfully
2025-06-24 17:08:54 : system : info : Oracle connection established successfully
2025-06-24 17:20:15 : system : info : Oracle connection established successfully
2025-06-24 17:20:17 : system : info : Oracle connection established successfully
2025-06-24 17:20:26 : system : info : Oracle connection established successfully
2025-06-24 17:20:27 : system : info : Oracle connection established successfully
2025-06-24 17:24:51 : system : info : Oracle connection established successfully
2025-06-24 17:24:52 : system : info : Oracle connection established successfully
2025-06-24 17:24:57 : rajesh : info : User rajesh authenticated successfully
2025-06-24 17:24:57 : rajesh : info : User rajesh authenticated successfully
2025-06-24 17:24:57 : system : info : Oracle connection established successfully
2025-06-24 17:24:58 : system : info : Oracle connection established successfully
2025-06-24 17:25:08 : system : info : Oracle connection established successfully
2025-06-24 17:25:08 : system : info : Oracle connection established successfully
2025-06-24 17:25:08 : system : info : Oracle connection established successfully
2025-06-24 17:25:09 : system : info : Oracle connection established successfully
2025-06-24 17:25:09 : system : info : Oracle connection established successfully
2025-06-24 17:25:09 : system : info : Oracle connection established successfully
2025-06-24 17:25:14 : system : info : Oracle connection established successfully
2025-06-24 17:25:15 : system : info : Oracle connection established successfully
2025-06-24 17:25:18 : system : info : Oracle connection established successfully
2025-06-24 17:25:18 : system : info : Oracle connection established successfully
2025-06-24 17:25:18 : system : info : Oracle connection established successfully
2025-06-24 17:25:19 : system : info : Oracle connection established successfully
2025-06-24 17:25:19 : system : info : Oracle connection established successfully
2025-06-24 17:25:19 : system : info : Oracle connection established successfully
2025-06-24 17:28:17 : system : info : Oracle connection established successfully
2025-06-24 17:28:18 : system : info : Oracle connection established successfully
2025-06-24 17:28:28 : system : info : Oracle connection established successfully
2025-06-24 17:28:28 : system : info : Oracle connection established successfully
2025-06-24 17:28:29 : system : info : Oracle connection established successfully
2025-06-24 17:28:29 : system : info : Oracle connection established successfully
2025-06-24 17:29:18 : system : info : Oracle connection established successfully
2025-06-24 17:29:19 : system : info : Oracle connection established successfully
2025-06-24 17:30:33 : system : info : Oracle connection established successfully
2025-06-24 17:30:33 : system : info : Oracle connection established successfully
2025-06-24 17:44:54 : system : info : Oracle connection established successfully
2025-06-24 17:44:55 : system : info : Oracle connection established successfully
2025-06-24 17:45:00 : system : info : Oracle connection established successfully
2025-06-24 17:45:00 : system : info : Oracle connection established successfully
2025-06-24 17:45:00 : system : info : Oracle connection established successfully
2025-06-24 17:45:01 : system : info : Oracle connection established successfully
2025-06-24 17:45:01 : system : info : Oracle connection established successfully
2025-06-24 17:45:01 : system : info : Oracle connection established successfully
2025-06-24 17:45:06 : system : info : Oracle connection established successfully
2025-06-24 17:45:08 : system : info : Oracle connection established successfully
2025-06-24 17:55:22 : system : info : Reading license from: /mnt/d/INNOVA/DW_TOOL/ahana_dw_tool/backend/modules/license/license.key
2025-06-24 17:55:22 : system : info : Validating license with system ID: 00155d7d2c64
2025-06-24 17:55:22 : system : info : License validation successful
2025-06-24 17:55:22 : system : info : License status checked successfully
2025-06-24 17:57:00 : system : info : Reading license from: /mnt/d/INNOVA/DW_TOOL/ahana_dw_tool/backend/modules/license/license.key
2025-06-24 17:57:00 : system : info : Validating license with system ID: 00155d7d2c64
2025-06-24 17:57:00 : system : info : License validation successful
2025-06-24 17:57:00 : system : info : License status checked successfully
2025-06-24 17:59:15 : system : info : Reading license from: /mnt/d/INNOVA/DW_TOOL/ahana_dw_tool/backend/modules/license/license.key
2025-06-24 17:59:15 : system : info : Validating license with system ID: 00155d7d2c64
2025-06-24 17:59:15 : system : info : License validation successful
2025-06-24 17:59:15 : system : info : License status checked successfully
2025-06-24 18:04:19 : system : info : Server stopped.
2025-06-24 18:04:19 : system : info : Server stopped.
2025-06-24 18:04:23 : system : info : Loading secret key from: /mnt/d/INNOVA/DW_TOOL/ahana_dw_tool/backend/modules/license/secret.key
2025-06-24 18:04:23 : system : info : License Manager initialized with system ID: 00155d7d2c64
2025-06-24 18:04:23 : system : info : Loading secret key from: /mnt/d/INNOVA/DW_TOOL/ahana_dw_tool/backend/modules/license/secret.key
2025-06-24 18:04:23 : system : info : License Manager initialized with system ID: 00155d7d2c64
2025-06-24 18:04:23 : system : info : Server starting...
2025-06-24 18:04:24 : system : info : Loading secret key from: /mnt/d/INNOVA/DW_TOOL/ahana_dw_tool/backend/modules/license/secret.key
2025-06-24 18:04:24 : system : info : License Manager initialized with system ID: 00155d7d2c64
2025-06-24 18:04:24 : system : info : Loading secret key from: /mnt/d/INNOVA/DW_TOOL/ahana_dw_tool/backend/modules/license/secret.key
2025-06-24 18:04:24 : system : info : License Manager initialized with system ID: 00155d7d2c64
2025-06-24 18:04:24 : system : info : Server starting...
2025-06-24 18:04:39 : system : info : Reading license from: /mnt/d/INNOVA/DW_TOOL/ahana_dw_tool/backend/modules/license/license.key
2025-06-24 18:04:39 : system : info : Validating license with system ID: 00155d7d2c64
2025-06-24 18:04:39 : system : info : License validation successful
2025-06-24 18:04:39 : system : info : License status checked successfully
2025-06-24 18:08:22 : system : info : Reading license from: /mnt/d/INNOVA/DW_TOOL/ahana_dw_tool/backend/modules/license/license.key
2025-06-24 18:08:22 : system : info : Validating license with system ID: 00155d7d2c64
2025-06-24 18:08:22 : system : info : License validation successful
2025-06-24 18:08:22 : system : info : License status checked successfully
2025-06-24 18:10:13 : system : info : Reading license from: /mnt/d/INNOVA/DW_TOOL/ahana_dw_tool/backend/modules/license/license.key
2025-06-24 18:10:13 : system : info : Validating license with system ID: 00155d7d2c64
2025-06-24 18:10:13 : system : info : License validation successful
2025-06-24 18:10:13 : system : info : License status checked successfully
2025-06-24 18:12:35 : rajesh : info : User rajesh authenticated successfully
2025-06-24 18:12:35 : rajesh : info : User rajesh authenticated successfully
2025-06-24 18:15:32 : system : info : Reading license from: /mnt/d/INNOVA/DW_TOOL/ahana_dw_tool/backend/modules/license/license.key
2025-06-24 18:15:32 : system : info : Validating license with system ID: 00155d7d2c64
2025-06-24 18:15:32 : system : info : License validation successful
2025-06-24 18:15:32 : system : info : License status checked successfully
2025-06-24 18:17:12 : rajesh : info : User rajesh authenticated successfully
2025-06-24 18:17:12 : rajesh : info : User rajesh authenticated successfully
2025-06-24 18:21:16 : system : info : Reading license from: /mnt/d/INNOVA/DW_TOOL/ahana_dw_tool/backend/modules/license/license.key
2025-06-24 18:21:16 : system : info : Validating license with system ID: 00155d7d2c64
2025-06-24 18:21:16 : system : info : License validation successful
2025-06-24 18:21:16 : system : info : License status checked successfully
2025-06-24 18:24:05 : rajesh : info : User rajesh authenticated successfully
2025-06-24 18:24:05 : rajesh : info : User rajesh authenticated successfully
2025-06-24 18:25:42 : system : info : Reading license from: /mnt/d/INNOVA/DW_TOOL/ahana_dw_tool/backend/modules/license/license.key
2025-06-24 18:25:42 : system : info : Validating license with system ID: 00155d7d2c64
2025-06-24 18:25:42 : system : info : License validation successful
2025-06-24 18:25:42 : system : info : License status checked successfully
2025-06-24 18:26:21 : system : info : Reading license from: /mnt/d/INNOVA/DW_TOOL/ahana_dw_tool/backend/modules/license/license.key
2025-06-24 18:26:21 : system : info : Validating license with system ID: 00155d7d2c64
2025-06-24 18:26:21 : system : info : License validation successful
2025-06-24 18:26:21 : system : info : License status checked successfully
